<?xml version="1.0" encoding="UTF-8"?>
<testng-results ignored="0" total="2" passed="2" failed="0" skipped="0">
  <reporter-output>
  </reporter-output>
  <suite started-at="2024-12-21T23:03:18 IST" name="Suite" finished-at="2024-12-21T23:03:40 IST" duration-ms="22657">
    <groups>
      <group name="Master">
        <method signature="TC001_AccountRegistrationPage.verify_AccountRegristration()[pri:0, instance:testCases.TC001_AccountRegistrationPage@7ce026d3]" name="verify_AccountRegristration" class="testCases.TC001_AccountRegistrationPage"/>
        <method signature="TC002_LoginTest.VerifyLoginTest()[pri:0, instance:testCases.TC002_LoginTest@6440112d]" name="VerifyLoginTest" class="testCases.TC002_LoginTest"/>
      </group> <!-- Master -->
      <group name="Sanity">
        <method signature="TC002_LoginTest.VerifyLoginTest()[pri:0, instance:testCases.TC002_LoginTest@6440112d]" name="VerifyLoginTest" class="testCases.TC002_LoginTest"/>
      </group> <!-- Sanity -->
      <group name="Regression">
        <method signature="TC001_AccountRegistrationPage.verify_AccountRegristration()[pri:0, instance:testCases.TC001_AccountRegistrationPage@7ce026d3]" name="verify_AccountRegristration" class="testCases.TC001_AccountRegistrationPage"/>
      </group> <!-- Regression -->
    </groups>
    <test started-at="2024-12-21T23:03:18 IST" name="Test" finished-at="2024-12-21T23:03:40 IST" duration-ms="22657">
      <class name="testCases.TC002_LoginTest">
        <test-method is-config="true" signature="setup(java.lang.String,java.lang.String)[pri:0, instance:testCases.TC002_LoginTest@6440112d]" started-at="2024-12-21T23:03:35 IST" name="setup" finished-at="2024-12-21T23:03:39 IST" duration-ms="4060" status="PASS">
          <params>
            <param index="0">
              <value>
                <![CDATA[Windows]]>
              </value>
            </param>
            <param index="1">
              <value>
                <![CDATA[chrome]]>
              </value>
            </param>
          </params>
          <reporter-output>
          </reporter-output>
        </test-method> <!-- setup -->
        <test-method signature="VerifyLoginTest()[pri:0, instance:testCases.TC002_LoginTest@6440112d]" started-at="2024-12-21T23:03:39 IST" name="VerifyLoginTest" finished-at="2024-12-21T23:03:40 IST" duration-ms="1778" status="PASS">
          <reporter-output>
          </reporter-output>
        </test-method> <!-- VerifyLoginTest -->
        <test-method is-config="true" signature="teardown()[pri:0, instance:testCases.TC002_LoginTest@6440112d]" started-at="2024-12-21T23:03:40 IST" name="teardown" finished-at="2024-12-21T23:03:40 IST" duration-ms="0" status="PASS">
          <reporter-output>
          </reporter-output>
        </test-method> <!-- teardown -->
      </class> <!-- testCases.TC002_LoginTest -->
      <class name="testCases.TC001_AccountRegistrationPage">
        <test-method is-config="true" signature="setup(java.lang.String,java.lang.String)[pri:0, instance:testCases.TC001_AccountRegistrationPage@7ce026d3]" started-at="2024-12-21T23:03:18 IST" name="setup" finished-at="2024-12-21T23:03:32 IST" duration-ms="13896" status="PASS">
          <params>
            <param index="0">
              <value>
                <![CDATA[Windows]]>
              </value>
            </param>
            <param index="1">
              <value>
                <![CDATA[chrome]]>
              </value>
            </param>
          </params>
          <reporter-output>
          </reporter-output>
        </test-method> <!-- setup -->
        <test-method signature="verify_AccountRegristration()[pri:0, instance:testCases.TC001_AccountRegistrationPage@7ce026d3]" started-at="2024-12-21T23:03:32 IST" name="verify_AccountRegristration" finished-at="2024-12-21T23:03:35 IST" duration-ms="2631" status="PASS">
          <reporter-output>
          </reporter-output>
        </test-method> <!-- verify_AccountRegristration -->
        <test-method is-config="true" signature="teardown()[pri:0, instance:testCases.TC001_AccountRegistrationPage@7ce026d3]" started-at="2024-12-21T23:03:35 IST" name="teardown" finished-at="2024-12-21T23:03:35 IST" duration-ms="1" status="PASS">
          <reporter-output>
          </reporter-output>
        </test-method> <!-- teardown -->
      </class> <!-- testCases.TC001_AccountRegistrationPage -->
    </test> <!-- Test -->
  </suite> <!-- Suite -->
</testng-results>
